{
  "stats": {
    "suites": 1,
    "tests": 14,
    "passes": 14,
    "pending": 0,
    "failures": 0,
    "start": "2021-05-21T13:32:38.006Z",
    "end": "2021-05-21T13:32:50.503Z",
    "duration": 12388,
    "testsRegistered": 14,
    "passPercent": 100,
    "pendingPercent": 0,
    "other": 0,
    "hasOther": false,
    "skipped": 0,
    "hasSkipped": false
  },
  "results": [
    {
      "uuid": "c3bcf2a2-5990-4d75-a65f-8d4f3bcedac2",
      "title": "",
      "fullFile": "cypress/integration/backend-tests.spec.js",
      "file": "cypress/integration/backend-tests.spec.js",
      "beforeHooks": [],
      "afterHooks": [],
      "tests": [],
      "suites": [
        {
          "uuid": "fc489395-f0db-4bc8-abb1-4bc54e636ff8",
          "title": "Test suite",
          "fullFile": "",
          "file": "",
          "beforeHooks": [],
          "afterHooks": [],
          "tests": [
            {
              "title": "POST request towards /api/login",
              "fullTitle": "Test suite POST request towards /api/login",
              "timedOut": null,
              "duration": 704,
              "state": "passed",
              "speed": "slow",
              "pass": true,
              "fail": false,
              "pending": false,
              "context": null,
              "code": "cy.authenticate();",
              "err": {},
              "uuid": "1a317de2-e2ee-4ad2-bf51-b2e0cf8ec7a2",
              "parentUUID": "fc489395-f0db-4bc8-abb1-4bc54e636ff8",
              "isHook": false,
              "skipped": false
            },
            {
              "title": "getAllClients",
              "fullTitle": "Test suite getAllClients",
              "timedOut": null,
              "duration": 1007,
              "state": "passed",
              "speed": "slow",
              "pass": true,
              "fail": false,
              "pending": false,
              "context": null,
              "code": "cy.getAllClients();",
              "err": {},
              "uuid": "d56c00c5-8169-4049-a93e-50650a6d40c0",
              "parentUUID": "fc489395-f0db-4bc8-abb1-4bc54e636ff8",
              "isHook": false,
              "skipped": false
            },
            {
              "title": "createNewClient",
              "fullTitle": "Test suite createNewClient",
              "timedOut": null,
              "duration": 848,
              "state": "passed",
              "speed": "slow",
              "pass": true,
              "fail": false,
              "pending": false,
              "context": null,
              "code": "cy.createNewClient();",
              "err": {},
              "uuid": "11f7a6da-0abf-4800-9e4d-15964a0e51d0",
              "parentUUID": "fc489395-f0db-4bc8-abb1-4bc54e636ff8",
              "isHook": false,
              "skipped": false
            },
            {
              "title": "editLastClient",
              "fullTitle": "Test suite editLastClient",
              "timedOut": null,
              "duration": 791,
              "state": "passed",
              "speed": "slow",
              "pass": true,
              "fail": false,
              "pending": false,
              "context": null,
              "code": "cy.editLastClient();",
              "err": {},
              "uuid": "1054fb25-bf19-4ef0-ae0e-5a7b0223cb3f",
              "parentUUID": "fc489395-f0db-4bc8-abb1-4bc54e636ff8",
              "isHook": false,
              "skipped": false
            },
            {
              "title": "deleteLastClient",
              "fullTitle": "Test suite deleteLastClient",
              "timedOut": null,
              "duration": 927,
              "state": "passed",
              "speed": "slow",
              "pass": true,
              "fail": false,
              "pending": false,
              "context": null,
              "code": "cy.deleteLastClient();",
              "err": {},
              "uuid": "d099f02d-b2a5-4161-a9ab-91700fe7814f",
              "parentUUID": "fc489395-f0db-4bc8-abb1-4bc54e636ff8",
              "isHook": false,
              "skipped": false
            },
            {
              "title": "getAllRooms",
              "fullTitle": "Test suite getAllRooms",
              "timedOut": null,
              "duration": 1065,
              "state": "passed",
              "speed": "slow",
              "pass": true,
              "fail": false,
              "pending": false,
              "context": null,
              "code": "cy.getAllRooms();",
              "err": {},
              "uuid": "54f44252-d903-4bbc-9ca5-8bdb556aa864",
              "parentUUID": "fc489395-f0db-4bc8-abb1-4bc54e636ff8",
              "isHook": false,
              "skipped": false
            },
            {
              "title": "createNewRoom",
              "fullTitle": "Test suite createNewRoom",
              "timedOut": null,
              "duration": 878,
              "state": "passed",
              "speed": "slow",
              "pass": true,
              "fail": false,
              "pending": false,
              "context": null,
              "code": "cy.createNewRoom();",
              "err": {},
              "uuid": "863db088-fa8f-4ce9-bbc4-02e203db7ef5",
              "parentUUID": "fc489395-f0db-4bc8-abb1-4bc54e636ff8",
              "isHook": false,
              "skipped": false
            },
            {
              "title": "editLastRoom",
              "fullTitle": "Test suite editLastRoom",
              "timedOut": null,
              "duration": 879,
              "state": "passed",
              "speed": "slow",
              "pass": true,
              "fail": false,
              "pending": false,
              "context": null,
              "code": "cy.editLastRoom();",
              "err": {},
              "uuid": "0a242e67-0338-406b-9893-297247e894ce",
              "parentUUID": "fc489395-f0db-4bc8-abb1-4bc54e636ff8",
              "isHook": false,
              "skipped": false
            },
            {
              "title": "deleteLastRoom",
              "fullTitle": "Test suite deleteLastRoom",
              "timedOut": null,
              "duration": 876,
              "state": "passed",
              "speed": "slow",
              "pass": true,
              "fail": false,
              "pending": false,
              "context": null,
              "code": "cy.deleteLastRoom();",
              "err": {},
              "uuid": "13755323-b86f-4041-8664-3b2df78a2ec2",
              "parentUUID": "fc489395-f0db-4bc8-abb1-4bc54e636ff8",
              "isHook": false,
              "skipped": false
            },
            {
              "title": "getAllBills",
              "fullTitle": "Test suite getAllBills",
              "timedOut": null,
              "duration": 1019,
              "state": "passed",
              "speed": "slow",
              "pass": true,
              "fail": false,
              "pending": false,
              "context": null,
              "code": "cy.getAllBills();",
              "err": {},
              "uuid": "a418928a-3485-450b-a17f-f0f65e3e35d6",
              "parentUUID": "fc489395-f0db-4bc8-abb1-4bc54e636ff8",
              "isHook": false,
              "skipped": false
            },
            {
              "title": "createNewBill",
              "fullTitle": "Test suite createNewBill",
              "timedOut": null,
              "duration": 835,
              "state": "passed",
              "speed": "slow",
              "pass": true,
              "fail": false,
              "pending": false,
              "context": null,
              "code": "cy.createNewBill();",
              "err": {},
              "uuid": "6ccc5ce0-418c-43db-89af-9f70aeb5f5f8",
              "parentUUID": "fc489395-f0db-4bc8-abb1-4bc54e636ff8",
              "isHook": false,
              "skipped": false
            },
            {
              "title": "editLastBill",
              "fullTitle": "Test suite editLastBill",
              "timedOut": null,
              "duration": 943,
              "state": "passed",
              "speed": "slow",
              "pass": true,
              "fail": false,
              "pending": false,
              "context": null,
              "code": "cy.editLastBill();",
              "err": {},
              "uuid": "aa9c6fd0-553a-4305-9855-9f7ae7bad47a",
              "parentUUID": "fc489395-f0db-4bc8-abb1-4bc54e636ff8",
              "isHook": false,
              "skipped": false
            },
            {
              "title": "deleteLastBill",
              "fullTitle": "Test suite deleteLastBill",
              "timedOut": null,
              "duration": 963,
              "state": "passed",
              "speed": "slow",
              "pass": true,
              "fail": false,
              "pending": false,
              "context": null,
              "code": "cy.deleteLastBill();",
              "err": {},
              "uuid": "0b90a3bb-ac3c-4322-a4f1-c532be11fccf",
              "parentUUID": "fc489395-f0db-4bc8-abb1-4bc54e636ff8",
              "isHook": false,
              "skipped": false
            },
            {
              "title": "POST request towards /api/logout",
              "fullTitle": "Test suite POST request towards /api/logout",
              "timedOut": null,
              "duration": 653,
              "state": "passed",
              "speed": "slow",
              "pass": true,
              "fail": false,
              "pending": false,
              "context": null,
              "code": "cy.logout();",
              "err": {},
              "uuid": "9f7e78aa-dfe6-4789-8e78-743583d8e6da",
              "parentUUID": "fc489395-f0db-4bc8-abb1-4bc54e636ff8",
              "isHook": false,
              "skipped": false
            }
          ],
          "suites": [],
          "passes": [
            "1a317de2-e2ee-4ad2-bf51-b2e0cf8ec7a2",
            "d56c00c5-8169-4049-a93e-50650a6d40c0",
            "11f7a6da-0abf-4800-9e4d-15964a0e51d0",
            "1054fb25-bf19-4ef0-ae0e-5a7b0223cb3f",
            "d099f02d-b2a5-4161-a9ab-91700fe7814f",
            "54f44252-d903-4bbc-9ca5-8bdb556aa864",
            "863db088-fa8f-4ce9-bbc4-02e203db7ef5",
            "0a242e67-0338-406b-9893-297247e894ce",
            "13755323-b86f-4041-8664-3b2df78a2ec2",
            "a418928a-3485-450b-a17f-f0f65e3e35d6",
            "6ccc5ce0-418c-43db-89af-9f70aeb5f5f8",
            "aa9c6fd0-553a-4305-9855-9f7ae7bad47a",
            "0b90a3bb-ac3c-4322-a4f1-c532be11fccf",
            "9f7e78aa-dfe6-4789-8e78-743583d8e6da"
          ],
          "failures": [],
          "pending": [],
          "skipped": [],
          "duration": 12388,
          "root": false,
          "rootEmpty": false,
          "_timeout": 2000
        }
      ],
      "passes": [],
      "failures": [],
      "pending": [],
      "skipped": [],
      "duration": 0,
      "root": true,
      "rootEmpty": true,
      "_timeout": 2000
    }
  ],
  "meta": {
    "mocha": {
      "version": "7.0.1"
    },
    "mochawesome": {
      "options": {
        "quiet": false,
        "reportFilename": "mochawesome",
        "saveHtml": true,
        "saveJson": true,
        "consoleReporter": "spec",
        "useInlineDiffs": false,
        "code": true
      },
      "version": "6.2.2"
    },
    "marge": {
      "options": {
        "reportDir": "cypress/report/mochawesome-report",
        "overwrite": false,
        "html": true,
        "json": true,
        "timestamp": "mmddyyyy_HHMMss"
      },
      "version": "5.2.0"
    }
  }
}