{
  "stats": {
    "suites": 1,
    "tests": 14,
    "passes": 14,
    "pending": 0,
    "failures": 0,
    "start": "2021-08-04T09:01:35.681Z",
    "end": "2021-08-04T09:01:45.156Z",
    "duration": 9475,
    "testsRegistered": 14,
    "passPercent": 100,
    "pendingPercent": 0,
    "other": 0,
    "hasOther": false,
    "skipped": 0,
    "hasSkipped": false
  },
  "results": [
    {
      "uuid": "0e37fc12-d73e-4b49-9ae7-8a0074770f97",
      "title": "",
      "fullFile": "cypress/integration/backend-tests.spec.js",
      "file": "cypress/integration/backend-tests.spec.js",
      "beforeHooks": [],
      "afterHooks": [],
      "tests": [],
      "suites": [
        {
          "uuid": "1128ef44-ea2e-47d9-8f4b-edd5b43be686",
          "title": "Test suite",
          "fullFile": "",
          "file": "",
          "beforeHooks": [],
          "afterHooks": [],
          "tests": [
            {
              "title": "POST request towards /api/login",
              "fullTitle": "Test suite POST request towards /api/login",
              "timedOut": null,
              "duration": 616,
              "state": "passed",
              "speed": "slow",
              "pass": true,
              "fail": false,
              "pending": false,
              "context": null,
              "code": "cy.authenticate();",
              "err": {},
              "uuid": "c7b44d4c-b4c6-4aea-8c24-37598c672e2e",
              "parentUUID": "1128ef44-ea2e-47d9-8f4b-edd5b43be686",
              "isHook": false,
              "skipped": false
            },
            {
              "title": "getAllClients",
              "fullTitle": "Test suite getAllClients",
              "timedOut": null,
              "duration": 928,
              "state": "passed",
              "speed": "slow",
              "pass": true,
              "fail": false,
              "pending": false,
              "context": null,
              "code": "client.getAllClients() && cy.logout();",
              "err": {},
              "uuid": "57f86a63-7279-45dd-abb7-9b5df5227d15",
              "parentUUID": "1128ef44-ea2e-47d9-8f4b-edd5b43be686",
              "isHook": false,
              "skipped": false
            },
            {
              "title": "createNewClient",
              "fullTitle": "Test suite createNewClient",
              "timedOut": null,
              "duration": 597,
              "state": "passed",
              "speed": "slow",
              "pass": true,
              "fail": false,
              "pending": false,
              "context": null,
              "code": "client.createNewClient() && cy.logout();",
              "err": {},
              "uuid": "479caf2b-2be8-4c67-979b-7da688e21f25",
              "parentUUID": "1128ef44-ea2e-47d9-8f4b-edd5b43be686",
              "isHook": false,
              "skipped": false
            },
            {
              "title": "editLastClient",
              "fullTitle": "Test suite editLastClient",
              "timedOut": null,
              "duration": 612,
              "state": "passed",
              "speed": "slow",
              "pass": true,
              "fail": false,
              "pending": false,
              "context": null,
              "code": "client.editLastClient() && cy.logout();",
              "err": {},
              "uuid": "18a94bdf-2158-4e18-8caa-ca93797df37b",
              "parentUUID": "1128ef44-ea2e-47d9-8f4b-edd5b43be686",
              "isHook": false,
              "skipped": false
            },
            {
              "title": "deleteLastClient",
              "fullTitle": "Test suite deleteLastClient",
              "timedOut": null,
              "duration": 617,
              "state": "passed",
              "speed": "slow",
              "pass": true,
              "fail": false,
              "pending": false,
              "context": null,
              "code": "client.deleteLastClient() && cy.logout();",
              "err": {},
              "uuid": "0b94a087-545e-423d-a091-4c2ac903331f",
              "parentUUID": "1128ef44-ea2e-47d9-8f4b-edd5b43be686",
              "isHook": false,
              "skipped": false
            },
            {
              "title": "getAllRooms",
              "fullTitle": "Test suite getAllRooms",
              "timedOut": null,
              "duration": 885,
              "state": "passed",
              "speed": "slow",
              "pass": true,
              "fail": false,
              "pending": false,
              "context": null,
              "code": "room.getAllRooms() && cy.logout();",
              "err": {},
              "uuid": "470490ca-6b32-4b53-b0f4-7bcad9f07ccd",
              "parentUUID": "1128ef44-ea2e-47d9-8f4b-edd5b43be686",
              "isHook": false,
              "skipped": false
            },
            {
              "title": "createNewRoom",
              "fullTitle": "Test suite createNewRoom",
              "timedOut": null,
              "duration": 596,
              "state": "passed",
              "speed": "slow",
              "pass": true,
              "fail": false,
              "pending": false,
              "context": null,
              "code": "room.createNewRoom() && cy.logout();",
              "err": {},
              "uuid": "a5b20b1c-1512-42f5-926f-22d0864e02ac",
              "parentUUID": "1128ef44-ea2e-47d9-8f4b-edd5b43be686",
              "isHook": false,
              "skipped": false
            },
            {
              "title": "editLastRoom",
              "fullTitle": "Test suite editLastRoom",
              "timedOut": null,
              "duration": 630,
              "state": "passed",
              "speed": "slow",
              "pass": true,
              "fail": false,
              "pending": false,
              "context": null,
              "code": "room.editLastRoom() && cy.logout();",
              "err": {},
              "uuid": "ae4fc2fc-bb2e-4c51-87b1-feb9edf19990",
              "parentUUID": "1128ef44-ea2e-47d9-8f4b-edd5b43be686",
              "isHook": false,
              "skipped": false
            },
            {
              "title": "deleteLastRoom",
              "fullTitle": "Test suite deleteLastRoom",
              "timedOut": null,
              "duration": 605,
              "state": "passed",
              "speed": "slow",
              "pass": true,
              "fail": false,
              "pending": false,
              "context": null,
              "code": "room.deleteLastRoom() && cy.logout();",
              "err": {},
              "uuid": "d6a84f98-fd53-48a4-9b49-a33f717674e7",
              "parentUUID": "1128ef44-ea2e-47d9-8f4b-edd5b43be686",
              "isHook": false,
              "skipped": false
            },
            {
              "title": "getAllBills",
              "fullTitle": "Test suite getAllBills",
              "timedOut": null,
              "duration": 907,
              "state": "passed",
              "speed": "slow",
              "pass": true,
              "fail": false,
              "pending": false,
              "context": null,
              "code": "bill.getAllBills() && cy.logout();",
              "err": {},
              "uuid": "45be9720-5c28-44ad-863d-9e0c1e3a2c84",
              "parentUUID": "1128ef44-ea2e-47d9-8f4b-edd5b43be686",
              "isHook": false,
              "skipped": false
            },
            {
              "title": "createNewBill",
              "fullTitle": "Test suite createNewBill",
              "timedOut": null,
              "duration": 581,
              "state": "passed",
              "speed": "slow",
              "pass": true,
              "fail": false,
              "pending": false,
              "context": null,
              "code": "bill.createNewBill() && cy.logout();",
              "err": {},
              "uuid": "4b0289ae-f7b0-4a16-8c7b-d4afa13ca5b2",
              "parentUUID": "1128ef44-ea2e-47d9-8f4b-edd5b43be686",
              "isHook": false,
              "skipped": false
            },
            {
              "title": "editLastBill",
              "fullTitle": "Test suite editLastBill",
              "timedOut": null,
              "duration": 593,
              "state": "passed",
              "speed": "slow",
              "pass": true,
              "fail": false,
              "pending": false,
              "context": null,
              "code": "bill.editLastBill() && cy.logout();",
              "err": {},
              "uuid": "322eae83-a199-4f97-9e7c-ce8b40a13eae",
              "parentUUID": "1128ef44-ea2e-47d9-8f4b-edd5b43be686",
              "isHook": false,
              "skipped": false
            },
            {
              "title": "deleteLastBill",
              "fullTitle": "Test suite deleteLastBill",
              "timedOut": null,
              "duration": 606,
              "state": "passed",
              "speed": "slow",
              "pass": true,
              "fail": false,
              "pending": false,
              "context": null,
              "code": "bill.deleteLastBill() && cy.logout();",
              "err": {},
              "uuid": "f2726f2f-c57f-46f9-9dcb-f1c4505379aa",
              "parentUUID": "1128ef44-ea2e-47d9-8f4b-edd5b43be686",
              "isHook": false,
              "skipped": false
            },
            {
              "title": "POST request towards /api/logout",
              "fullTitle": "Test suite POST request towards /api/logout",
              "timedOut": null,
              "duration": 561,
              "state": "passed",
              "speed": "slow",
              "pass": true,
              "fail": false,
              "pending": false,
              "context": null,
              "code": "cy.logout();",
              "err": {},
              "uuid": "8c2b73af-40f9-4b73-b9b2-242fe3511913",
              "parentUUID": "1128ef44-ea2e-47d9-8f4b-edd5b43be686",
              "isHook": false,
              "skipped": false
            }
          ],
          "suites": [],
          "passes": [
            "c7b44d4c-b4c6-4aea-8c24-37598c672e2e",
            "57f86a63-7279-45dd-abb7-9b5df5227d15",
            "479caf2b-2be8-4c67-979b-7da688e21f25",
            "18a94bdf-2158-4e18-8caa-ca93797df37b",
            "0b94a087-545e-423d-a091-4c2ac903331f",
            "470490ca-6b32-4b53-b0f4-7bcad9f07ccd",
            "a5b20b1c-1512-42f5-926f-22d0864e02ac",
            "ae4fc2fc-bb2e-4c51-87b1-feb9edf19990",
            "d6a84f98-fd53-48a4-9b49-a33f717674e7",
            "45be9720-5c28-44ad-863d-9e0c1e3a2c84",
            "4b0289ae-f7b0-4a16-8c7b-d4afa13ca5b2",
            "322eae83-a199-4f97-9e7c-ce8b40a13eae",
            "f2726f2f-c57f-46f9-9dcb-f1c4505379aa",
            "8c2b73af-40f9-4b73-b9b2-242fe3511913"
          ],
          "failures": [],
          "pending": [],
          "skipped": [],
          "duration": 9334,
          "root": false,
          "rootEmpty": false,
          "_timeout": 2000
        }
      ],
      "passes": [],
      "failures": [],
      "pending": [],
      "skipped": [],
      "duration": 0,
      "root": true,
      "rootEmpty": true,
      "_timeout": 2000
    }
  ],
  "meta": {
    "mocha": {
      "version": "7.0.1"
    },
    "mochawesome": {
      "options": {
        "quiet": false,
        "reportFilename": "mochawesome",
        "saveHtml": true,
        "saveJson": true,
        "consoleReporter": "spec",
        "useInlineDiffs": false,
        "code": true
      },
      "version": "6.2.2"
    },
    "marge": {
      "options": {
        "reportDir": "cypress/report/mochawesome-report",
        "overwrite": false,
        "html": true,
        "json": true,
        "timestamp": "mmddyyyy_HHMMss"
      },
      "version": "5.2.0"
    }
  }
}