{
  "stats": {
    "suites": 1,
    "tests": 14,
    "passes": 14,
    "pending": 0,
    "failures": 0,
    "start": "2021-08-03T16:59:27.933Z",
    "end": "2021-08-03T16:59:49.490Z",
    "duration": 21557,
    "testsRegistered": 14,
    "passPercent": 100,
    "pendingPercent": 0,
    "other": 0,
    "hasOther": false,
    "skipped": 0,
    "hasSkipped": false
  },
  "results": [
    {
      "uuid": "5a13ac35-4b04-43a9-90a0-202997c93ae6",
      "title": "",
      "fullFile": "cypress/integration/backend-tests.spec.js",
      "file": "cypress/integration/backend-tests.spec.js",
      "beforeHooks": [],
      "afterHooks": [],
      "tests": [],
      "suites": [
        {
          "uuid": "21b51893-5606-4355-809d-7779131bab58",
          "title": "Test suite",
          "fullFile": "",
          "file": "",
          "beforeHooks": [],
          "afterHooks": [],
          "tests": [
            {
              "title": "POST request towards /api/login",
              "fullTitle": "Test suite POST request towards /api/login",
              "timedOut": null,
              "duration": 1895,
              "state": "passed",
              "speed": "slow",
              "pass": true,
              "fail": false,
              "pending": false,
              "context": null,
              "code": "cy.authenticate();",
              "err": {},
              "uuid": "2a0da79a-b1bf-47d2-9352-8a76b32b744d",
              "parentUUID": "21b51893-5606-4355-809d-7779131bab58",
              "isHook": false,
              "skipped": false
            },
            {
              "title": "getAllClients",
              "fullTitle": "Test suite getAllClients",
              "timedOut": null,
              "duration": 1885,
              "state": "passed",
              "speed": "slow",
              "pass": true,
              "fail": false,
              "pending": false,
              "context": null,
              "code": "client.getAllClients() && cy.logout();",
              "err": {},
              "uuid": "89fe1602-d9a2-49bf-abad-829e6dcc0fdd",
              "parentUUID": "21b51893-5606-4355-809d-7779131bab58",
              "isHook": false,
              "skipped": false
            },
            {
              "title": "createNewClient",
              "fullTitle": "Test suite createNewClient",
              "timedOut": null,
              "duration": 1772,
              "state": "passed",
              "speed": "slow",
              "pass": true,
              "fail": false,
              "pending": false,
              "context": null,
              "code": "client.createNewClient() && cy.logout();",
              "err": {},
              "uuid": "4fa72239-cc93-43da-8eae-9132cf47febb",
              "parentUUID": "21b51893-5606-4355-809d-7779131bab58",
              "isHook": false,
              "skipped": false
            },
            {
              "title": "editLastClient",
              "fullTitle": "Test suite editLastClient",
              "timedOut": null,
              "duration": 2249,
              "state": "passed",
              "speed": "slow",
              "pass": true,
              "fail": false,
              "pending": false,
              "context": null,
              "code": "client.editLastClient() && cy.logout();",
              "err": {},
              "uuid": "d4e26642-f25f-47bf-8112-3f075554933c",
              "parentUUID": "21b51893-5606-4355-809d-7779131bab58",
              "isHook": false,
              "skipped": false
            },
            {
              "title": "deleteLastClient",
              "fullTitle": "Test suite deleteLastClient",
              "timedOut": null,
              "duration": 1025,
              "state": "passed",
              "speed": "slow",
              "pass": true,
              "fail": false,
              "pending": false,
              "context": null,
              "code": "client.deleteLastClient() && cy.logout();",
              "err": {},
              "uuid": "ba6d48ee-478c-4035-b4a5-46677fe4ed88",
              "parentUUID": "21b51893-5606-4355-809d-7779131bab58",
              "isHook": false,
              "skipped": false
            },
            {
              "title": "getAllRooms",
              "fullTitle": "Test suite getAllRooms",
              "timedOut": null,
              "duration": 1682,
              "state": "passed",
              "speed": "slow",
              "pass": true,
              "fail": false,
              "pending": false,
              "context": null,
              "code": "room.getAllRooms() && cy.logout();",
              "err": {},
              "uuid": "03f38881-9606-4b73-ba13-ae6d617949c7",
              "parentUUID": "21b51893-5606-4355-809d-7779131bab58",
              "isHook": false,
              "skipped": false
            },
            {
              "title": "createNewRoom",
              "fullTitle": "Test suite createNewRoom",
              "timedOut": null,
              "duration": 1118,
              "state": "passed",
              "speed": "slow",
              "pass": true,
              "fail": false,
              "pending": false,
              "context": null,
              "code": "room.createNewRoom() && cy.logout();",
              "err": {},
              "uuid": "ad95d55d-1a84-44bf-aca2-3aa14f70e511",
              "parentUUID": "21b51893-5606-4355-809d-7779131bab58",
              "isHook": false,
              "skipped": false
            },
            {
              "title": "editLastRoom",
              "fullTitle": "Test suite editLastRoom",
              "timedOut": null,
              "duration": 1061,
              "state": "passed",
              "speed": "slow",
              "pass": true,
              "fail": false,
              "pending": false,
              "context": null,
              "code": "room.editLastRoom() && cy.logout();",
              "err": {},
              "uuid": "7ba4af0f-0a13-41aa-bb32-1cc5401494a9",
              "parentUUID": "21b51893-5606-4355-809d-7779131bab58",
              "isHook": false,
              "skipped": false
            },
            {
              "title": "deleteLastRoom",
              "fullTitle": "Test suite deleteLastRoom",
              "timedOut": null,
              "duration": 1826,
              "state": "passed",
              "speed": "slow",
              "pass": true,
              "fail": false,
              "pending": false,
              "context": null,
              "code": "room.deleteLastRoom() && cy.logout();",
              "err": {},
              "uuid": "9590f2dd-cab1-462d-84db-472f7a25e617",
              "parentUUID": "21b51893-5606-4355-809d-7779131bab58",
              "isHook": false,
              "skipped": false
            },
            {
              "title": "getAllBills",
              "fullTitle": "Test suite getAllBills",
              "timedOut": null,
              "duration": 1726,
              "state": "passed",
              "speed": "slow",
              "pass": true,
              "fail": false,
              "pending": false,
              "context": null,
              "code": "bill.getAllBills() && cy.logout();",
              "err": {},
              "uuid": "c208092e-efc5-4146-9236-2820f7d71070",
              "parentUUID": "21b51893-5606-4355-809d-7779131bab58",
              "isHook": false,
              "skipped": false
            },
            {
              "title": "createNewBill",
              "fullTitle": "Test suite createNewBill",
              "timedOut": null,
              "duration": 1249,
              "state": "passed",
              "speed": "slow",
              "pass": true,
              "fail": false,
              "pending": false,
              "context": null,
              "code": "bill.createNewBill() && cy.logout();",
              "err": {},
              "uuid": "1e1f43d9-5ce3-4995-9b60-bac5b1be3ea9",
              "parentUUID": "21b51893-5606-4355-809d-7779131bab58",
              "isHook": false,
              "skipped": false
            },
            {
              "title": "editLastBill",
              "fullTitle": "Test suite editLastBill",
              "timedOut": null,
              "duration": 2034,
              "state": "passed",
              "speed": "slow",
              "pass": true,
              "fail": false,
              "pending": false,
              "context": null,
              "code": "bill.editLastBill() && cy.logout();",
              "err": {},
              "uuid": "0d42030e-ffe3-4127-bce3-534302f5beb2",
              "parentUUID": "21b51893-5606-4355-809d-7779131bab58",
              "isHook": false,
              "skipped": false
            },
            {
              "title": "deleteLastBill",
              "fullTitle": "Test suite deleteLastBill",
              "timedOut": null,
              "duration": 1085,
              "state": "passed",
              "speed": "slow",
              "pass": true,
              "fail": false,
              "pending": false,
              "context": null,
              "code": "bill.deleteLastBill() && cy.logout();",
              "err": {},
              "uuid": "713774a2-e5af-4add-9171-79d976ed6214",
              "parentUUID": "21b51893-5606-4355-809d-7779131bab58",
              "isHook": false,
              "skipped": false
            },
            {
              "title": "POST request towards /api/logout",
              "fullTitle": "Test suite POST request towards /api/logout",
              "timedOut": null,
              "duration": 704,
              "state": "passed",
              "speed": "slow",
              "pass": true,
              "fail": false,
              "pending": false,
              "context": null,
              "code": "cy.logout();",
              "err": {},
              "uuid": "ed81b21a-6c3e-439a-841d-e9960a5c800f",
              "parentUUID": "21b51893-5606-4355-809d-7779131bab58",
              "isHook": false,
              "skipped": false
            }
          ],
          "suites": [],
          "passes": [
            "2a0da79a-b1bf-47d2-9352-8a76b32b744d",
            "89fe1602-d9a2-49bf-abad-829e6dcc0fdd",
            "4fa72239-cc93-43da-8eae-9132cf47febb",
            "d4e26642-f25f-47bf-8112-3f075554933c",
            "ba6d48ee-478c-4035-b4a5-46677fe4ed88",
            "03f38881-9606-4b73-ba13-ae6d617949c7",
            "ad95d55d-1a84-44bf-aca2-3aa14f70e511",
            "7ba4af0f-0a13-41aa-bb32-1cc5401494a9",
            "9590f2dd-cab1-462d-84db-472f7a25e617",
            "c208092e-efc5-4146-9236-2820f7d71070",
            "1e1f43d9-5ce3-4995-9b60-bac5b1be3ea9",
            "0d42030e-ffe3-4127-bce3-534302f5beb2",
            "713774a2-e5af-4add-9171-79d976ed6214",
            "ed81b21a-6c3e-439a-841d-e9960a5c800f"
          ],
          "failures": [],
          "pending": [],
          "skipped": [],
          "duration": 21311,
          "root": false,
          "rootEmpty": false,
          "_timeout": 2000
        }
      ],
      "passes": [],
      "failures": [],
      "pending": [],
      "skipped": [],
      "duration": 0,
      "root": true,
      "rootEmpty": true,
      "_timeout": 2000
    }
  ],
  "meta": {
    "mocha": {
      "version": "7.0.1"
    },
    "mochawesome": {
      "options": {
        "quiet": false,
        "reportFilename": "mochawesome",
        "saveHtml": true,
        "saveJson": true,
        "consoleReporter": "spec",
        "useInlineDiffs": false,
        "code": true
      },
      "version": "6.2.2"
    },
    "marge": {
      "options": {
        "reportDir": "cypress/report/mochawesome-report",
        "overwrite": false,
        "html": true,
        "json": true,
        "timestamp": "mmddyyyy_HHMMss"
      },
      "version": "5.2.0"
    }
  }
}