{
  "stats": {
    "suites": 1,
    "tests": 14,
    "passes": 14,
    "pending": 0,
    "failures": 0,
    "start": "2021-08-04T08:31:36.791Z",
    "end": "2021-08-04T08:31:46.712Z",
    "duration": 9921,
    "testsRegistered": 14,
    "passPercent": 100,
    "pendingPercent": 0,
    "other": 0,
    "hasOther": false,
    "skipped": 0,
    "hasSkipped": false
  },
  "results": [
    {
      "uuid": "cf25586c-2154-4e7c-8a31-c56d0bf6d20c",
      "title": "",
      "fullFile": "cypress/integration/backend-tests.spec.js",
      "file": "cypress/integration/backend-tests.spec.js",
      "beforeHooks": [],
      "afterHooks": [],
      "tests": [],
      "suites": [
        {
          "uuid": "83b95161-8f03-467e-9d18-3e77456aa2f7",
          "title": "Test suite",
          "fullFile": "",
          "file": "",
          "beforeHooks": [],
          "afterHooks": [],
          "tests": [
            {
              "title": "POST request towards /api/login",
              "fullTitle": "Test suite POST request towards /api/login",
              "timedOut": null,
              "duration": 922,
              "state": "passed",
              "speed": "slow",
              "pass": true,
              "fail": false,
              "pending": false,
              "context": null,
              "code": "cy.authenticate();",
              "err": {},
              "uuid": "45e67469-529f-4b8c-b9e5-628989a4a83a",
              "parentUUID": "83b95161-8f03-467e-9d18-3e77456aa2f7",
              "isHook": false,
              "skipped": false
            },
            {
              "title": "getAllClients",
              "fullTitle": "Test suite getAllClients",
              "timedOut": null,
              "duration": 955,
              "state": "passed",
              "speed": "slow",
              "pass": true,
              "fail": false,
              "pending": false,
              "context": null,
              "code": "client.getAllClients() && cy.logout();",
              "err": {},
              "uuid": "410477b5-53e2-49e0-870a-08ccf1715c01",
              "parentUUID": "83b95161-8f03-467e-9d18-3e77456aa2f7",
              "isHook": false,
              "skipped": false
            },
            {
              "title": "createNewClient",
              "fullTitle": "Test suite createNewClient",
              "timedOut": null,
              "duration": 600,
              "state": "passed",
              "speed": "slow",
              "pass": true,
              "fail": false,
              "pending": false,
              "context": null,
              "code": "client.createNewClient() && cy.logout();",
              "err": {},
              "uuid": "f3d91a9e-fa86-4944-b1f6-6bd82040781b",
              "parentUUID": "83b95161-8f03-467e-9d18-3e77456aa2f7",
              "isHook": false,
              "skipped": false
            },
            {
              "title": "editLastClient",
              "fullTitle": "Test suite editLastClient",
              "timedOut": null,
              "duration": 670,
              "state": "passed",
              "speed": "slow",
              "pass": true,
              "fail": false,
              "pending": false,
              "context": null,
              "code": "client.editLastClient() && cy.logout();",
              "err": {},
              "uuid": "77208947-1161-4085-b8d5-4a90d9398abe",
              "parentUUID": "83b95161-8f03-467e-9d18-3e77456aa2f7",
              "isHook": false,
              "skipped": false
            },
            {
              "title": "deleteLastClient",
              "fullTitle": "Test suite deleteLastClient",
              "timedOut": null,
              "duration": 629,
              "state": "passed",
              "speed": "slow",
              "pass": true,
              "fail": false,
              "pending": false,
              "context": null,
              "code": "client.deleteLastClient() && cy.logout();",
              "err": {},
              "uuid": "8d228fb5-5c4d-4cb0-abb5-8aa40adb4d5d",
              "parentUUID": "83b95161-8f03-467e-9d18-3e77456aa2f7",
              "isHook": false,
              "skipped": false
            },
            {
              "title": "getAllRooms",
              "fullTitle": "Test suite getAllRooms",
              "timedOut": null,
              "duration": 889,
              "state": "passed",
              "speed": "slow",
              "pass": true,
              "fail": false,
              "pending": false,
              "context": null,
              "code": "room.getAllRooms() && cy.logout();",
              "err": {},
              "uuid": "67d14371-4014-48bb-93d5-15263b7f5cab",
              "parentUUID": "83b95161-8f03-467e-9d18-3e77456aa2f7",
              "isHook": false,
              "skipped": false
            },
            {
              "title": "createNewRoom",
              "fullTitle": "Test suite createNewRoom",
              "timedOut": null,
              "duration": 576,
              "state": "passed",
              "speed": "slow",
              "pass": true,
              "fail": false,
              "pending": false,
              "context": null,
              "code": "room.createNewRoom() && cy.logout();",
              "err": {},
              "uuid": "6b01122f-1deb-46db-bb98-4bbb8bcfe70d",
              "parentUUID": "83b95161-8f03-467e-9d18-3e77456aa2f7",
              "isHook": false,
              "skipped": false
            },
            {
              "title": "editLastRoom",
              "fullTitle": "Test suite editLastRoom",
              "timedOut": null,
              "duration": 597,
              "state": "passed",
              "speed": "slow",
              "pass": true,
              "fail": false,
              "pending": false,
              "context": null,
              "code": "room.editLastRoom() && cy.logout();",
              "err": {},
              "uuid": "ee5fb86a-15a1-4fdf-b818-4577cfaf593c",
              "parentUUID": "83b95161-8f03-467e-9d18-3e77456aa2f7",
              "isHook": false,
              "skipped": false
            },
            {
              "title": "deleteLastRoom",
              "fullTitle": "Test suite deleteLastRoom",
              "timedOut": null,
              "duration": 639,
              "state": "passed",
              "speed": "slow",
              "pass": true,
              "fail": false,
              "pending": false,
              "context": null,
              "code": "room.deleteLastRoom() && cy.logout();",
              "err": {},
              "uuid": "1f978086-3f89-45fc-a672-300ecb8971b7",
              "parentUUID": "83b95161-8f03-467e-9d18-3e77456aa2f7",
              "isHook": false,
              "skipped": false
            },
            {
              "title": "getAllBills",
              "fullTitle": "Test suite getAllBills",
              "timedOut": null,
              "duration": 859,
              "state": "passed",
              "speed": "slow",
              "pass": true,
              "fail": false,
              "pending": false,
              "context": null,
              "code": "bill.getAllBills() && cy.logout();",
              "err": {},
              "uuid": "eb6112d7-7142-41f8-9b1c-0ad181114717",
              "parentUUID": "83b95161-8f03-467e-9d18-3e77456aa2f7",
              "isHook": false,
              "skipped": false
            },
            {
              "title": "createNewBill",
              "fullTitle": "Test suite createNewBill",
              "timedOut": null,
              "duration": 576,
              "state": "passed",
              "speed": "slow",
              "pass": true,
              "fail": false,
              "pending": false,
              "context": null,
              "code": "bill.createNewBill() && cy.logout();",
              "err": {},
              "uuid": "fa42cda0-61f2-4325-915a-53ad80450c91",
              "parentUUID": "83b95161-8f03-467e-9d18-3e77456aa2f7",
              "isHook": false,
              "skipped": false
            },
            {
              "title": "editLastBill",
              "fullTitle": "Test suite editLastBill",
              "timedOut": null,
              "duration": 636,
              "state": "passed",
              "speed": "slow",
              "pass": true,
              "fail": false,
              "pending": false,
              "context": null,
              "code": "bill.editLastBill() && cy.logout();",
              "err": {},
              "uuid": "3006ec8f-0a28-46bb-a4ae-7136e8f78977",
              "parentUUID": "83b95161-8f03-467e-9d18-3e77456aa2f7",
              "isHook": false,
              "skipped": false
            },
            {
              "title": "deleteLastBill",
              "fullTitle": "Test suite deleteLastBill",
              "timedOut": null,
              "duration": 610,
              "state": "passed",
              "speed": "slow",
              "pass": true,
              "fail": false,
              "pending": false,
              "context": null,
              "code": "bill.deleteLastBill() && cy.logout();",
              "err": {},
              "uuid": "c260eea0-0bab-4cde-a1e7-e476fe8e240f",
              "parentUUID": "83b95161-8f03-467e-9d18-3e77456aa2f7",
              "isHook": false,
              "skipped": false
            },
            {
              "title": "POST request towards /api/logout",
              "fullTitle": "Test suite POST request towards /api/logout",
              "timedOut": null,
              "duration": 582,
              "state": "passed",
              "speed": "slow",
              "pass": true,
              "fail": false,
              "pending": false,
              "context": null,
              "code": "cy.logout();",
              "err": {},
              "uuid": "be93c27a-47fd-4afc-886b-8738b2ddf167",
              "parentUUID": "83b95161-8f03-467e-9d18-3e77456aa2f7",
              "isHook": false,
              "skipped": false
            }
          ],
          "suites": [],
          "passes": [
            "45e67469-529f-4b8c-b9e5-628989a4a83a",
            "410477b5-53e2-49e0-870a-08ccf1715c01",
            "f3d91a9e-fa86-4944-b1f6-6bd82040781b",
            "77208947-1161-4085-b8d5-4a90d9398abe",
            "8d228fb5-5c4d-4cb0-abb5-8aa40adb4d5d",
            "67d14371-4014-48bb-93d5-15263b7f5cab",
            "6b01122f-1deb-46db-bb98-4bbb8bcfe70d",
            "ee5fb86a-15a1-4fdf-b818-4577cfaf593c",
            "1f978086-3f89-45fc-a672-300ecb8971b7",
            "eb6112d7-7142-41f8-9b1c-0ad181114717",
            "fa42cda0-61f2-4325-915a-53ad80450c91",
            "3006ec8f-0a28-46bb-a4ae-7136e8f78977",
            "c260eea0-0bab-4cde-a1e7-e476fe8e240f",
            "be93c27a-47fd-4afc-886b-8738b2ddf167"
          ],
          "failures": [],
          "pending": [],
          "skipped": [],
          "duration": 9740,
          "root": false,
          "rootEmpty": false,
          "_timeout": 2000
        }
      ],
      "passes": [],
      "failures": [],
      "pending": [],
      "skipped": [],
      "duration": 0,
      "root": true,
      "rootEmpty": true,
      "_timeout": 2000
    }
  ],
  "meta": {
    "mocha": {
      "version": "7.0.1"
    },
    "mochawesome": {
      "options": {
        "quiet": false,
        "reportFilename": "mochawesome",
        "saveHtml": true,
        "saveJson": true,
        "consoleReporter": "spec",
        "useInlineDiffs": false,
        "code": true
      },
      "version": "6.2.2"
    },
    "marge": {
      "options": {
        "reportDir": "cypress/report/mochawesome-report",
        "overwrite": false,
        "html": true,
        "json": true,
        "timestamp": "mmddyyyy_HHMMss"
      },
      "version": "5.2.0"
    }
  }
}